Traceback (most recent call last):
  File "/opt/hostedtoolcache/Python/3.10.12/x64/lib/python3.10/site-packages/jupyter_cache/executors/utils.py", line 58, in single_nb_execution
    executenb(
  File "/opt/hostedtoolcache/Python/3.10.12/x64/lib/python3.10/site-packages/nbclient/client.py", line 1305, in execute
    return NotebookClient(nb=nb, resources=resources, km=km, **kwargs).execute()
  File "/opt/hostedtoolcache/Python/3.10.12/x64/lib/python3.10/site-packages/jupyter_core/utils/__init__.py", line 166, in wrapped
    return loop.run_until_complete(inner)
  File "/opt/hostedtoolcache/Python/3.10.12/x64/lib/python3.10/asyncio/base_events.py", line 649, in run_until_complete
    return future.result()
  File "/opt/hostedtoolcache/Python/3.10.12/x64/lib/python3.10/site-packages/nbclient/client.py", line 705, in async_execute
    await self.async_execute_cell(
  File "/opt/hostedtoolcache/Python/3.10.12/x64/lib/python3.10/site-packages/nbclient/client.py", line 1058, in async_execute_cell
    await self._check_raise_for_error(cell, cell_index, exec_reply)
  File "/opt/hostedtoolcache/Python/3.10.12/x64/lib/python3.10/site-packages/nbclient/client.py", line 914, in _check_raise_for_error
    raise CellExecutionError.from_cell_and_msg(cell, exec_reply_content)
nbclient.exceptions.CellExecutionError: An error occurred while executing the following cell:
------------------
# Find L that returns all zeros in this function.
def obj(L):
    x, y, z, _lambda = L
    dFdx, dFdy, dFdz, dFdlam = dfdL(L)
    return [dFdx, dFdy, dFdz, eq([x, y, z])]


from scipy.optimize import root

x, y, z, _lam = root(obj, [0.0, 0.0, 0.0, 1.0])
print(f"The answer is at {x, y, z}")
------------------


[0;31m---------------------------------------------------------------------------[0m
[0;31mValueError[0m                                Traceback (most recent call last)
Cell [0;32mIn[9], line 10[0m
[1;32m      5[0m     [38;5;28;01mreturn[39;00m [dFdx, dFdy, dFdz, eq([x, y, z])]
[1;32m      8[0m [38;5;28;01mfrom[39;00m [38;5;21;01mscipy[39;00m[38;5;21;01m.[39;00m[38;5;21;01moptimize[39;00m [38;5;28;01mimport[39;00m root
[0;32m---> 10[0m x, y, z, _lam [38;5;241m=[39m root(obj, [[38;5;241m0.0[39m, [38;5;241m0.0[39m, [38;5;241m0.0[39m, [38;5;241m1.0[39m])
[1;32m     11[0m [38;5;28mprint[39m([38;5;124mf[39m[38;5;124m"[39m[38;5;124mThe answer is at [39m[38;5;132;01m{[39;00mx,[38;5;250m [39my,[38;5;250m [39mz[38;5;132;01m}[39;00m[38;5;124m"[39m)

[0;31mValueError[0m: too many values to unpack (expected 4)

